[2025-01-13 18:12:58.826] [jointLog] [info] setting maxHashResizeThreads to 2
[2025-01-13 18:12:58.826] [jointLog] [info] Fragment incompatibility prior below threshold.  Incompatible fragments will be ignored.
[2025-01-13 18:12:58.826] [jointLog] [info] Usage of --validateMappings implies use of minScoreFraction. Since not explicitly specified, it is being set to 0.65
[2025-01-13 18:12:58.826] [jointLog] [info] Setting consensusSlack to selective-alignment default of 0.35.
[2025-01-13 18:12:58.826] [jointLog] [info] parsing read library format
[2025-01-13 18:12:58.826] [jointLog] [info] There is 1 library.
[2025-01-13 18:12:58.827] [jointLog] [info] Loading pufferfish index
[2025-01-13 18:12:58.827] [jointLog] [info] Loading dense pufferfish index.
[2025-01-13 18:12:58.835] [jointLog] [info] done
[2025-01-13 18:12:58.916] [jointLog] [info] Index contained 1,524 targets
[2025-01-13 18:12:58.916] [jointLog] [info] Number of decoys : 0
[2025-01-13 18:13:05.749] [fileLog] [info] 
At end of round 0
==================
Observed 992532 total fragments (992532 in most recent round)

[2025-01-13 18:13:05.748] [jointLog] [info] Computed 7,499 rich equivalence classes for further processing
[2025-01-13 18:13:05.748] [jointLog] [info] Counted 992,506 total reads in the equivalence classes 
[2025-01-13 18:13:05.750] [jointLog] [info] Number of mappings discarded because of alignment score : 188,919
[2025-01-13 18:13:05.750] [jointLog] [info] Number of fragments entirely discarded because of alignment score : 26
[2025-01-13 18:13:05.750] [jointLog] [info] Number of fragments discarded because they are best-mapped to decoys : 0
[2025-01-13 18:13:05.750] [jointLog] [info] Number of fragments discarded because they have only dovetail (discordant) mappings to valid targets : 803
[2025-01-13 18:13:05.751] [jointLog] [warning] Only 992506 fragments were mapped, but the number of burn-in fragments was set to 5000000.
The effective lengths have been computed using the observed mappings.

[2025-01-13 18:13:05.751] [jointLog] [info] Mapping rate = 99.9974%

[2025-01-13 18:13:05.751] [jointLog] [info] finished quantifyLibrary()
[2025-01-13 18:13:05.751] [jointLog] [info] Starting optimizer
[2025-01-13 18:13:05.753] [jointLog] [info] Marked 0 weighted equivalence classes as degenerate
[2025-01-13 18:13:05.753] [jointLog] [info] iteration = 0 | max rel diff. = 15.9251
[2025-01-13 18:13:05.785] [jointLog] [info] iteration = 100 | max rel diff. = 0.00769529
[2025-01-13 18:13:05.785] [jointLog] [info] Finished optimizer
[2025-01-13 18:13:05.785] [jointLog] [info] writing output 

