[2025-01-13 18:13:25.758] [jointLog] [info] setting maxHashResizeThreads to 2
[2025-01-13 18:13:25.758] [jointLog] [info] Fragment incompatibility prior below threshold.  Incompatible fragments will be ignored.
[2025-01-13 18:13:25.758] [jointLog] [info] Usage of --validateMappings implies use of minScoreFraction. Since not explicitly specified, it is being set to 0.65
[2025-01-13 18:13:25.758] [jointLog] [info] Setting consensusSlack to selective-alignment default of 0.35.
[2025-01-13 18:13:25.758] [jointLog] [info] parsing read library format
[2025-01-13 18:13:25.758] [jointLog] [info] There is 1 library.
[2025-01-13 18:13:25.758] [jointLog] [info] Loading pufferfish index
[2025-01-13 18:13:25.758] [jointLog] [info] Loading dense pufferfish index.
[2025-01-13 18:13:25.766] [jointLog] [info] done
[2025-01-13 18:13:25.853] [jointLog] [info] Index contained 1,524 targets
[2025-01-13 18:13:25.853] [jointLog] [info] Number of decoys : 0
[2025-01-13 18:13:34.754] [fileLog] [info] 
At end of round 0
==================
Observed 1331797 total fragments (1331797 in most recent round)

[2025-01-13 18:13:34.753] [jointLog] [info] Computed 7,774 rich equivalence classes for further processing
[2025-01-13 18:13:34.753] [jointLog] [info] Counted 1,331,768 total reads in the equivalence classes 
[2025-01-13 18:13:34.756] [jointLog] [info] Number of mappings discarded because of alignment score : 274,601
[2025-01-13 18:13:34.756] [jointLog] [info] Number of fragments entirely discarded because of alignment score : 29
[2025-01-13 18:13:34.756] [jointLog] [info] Number of fragments discarded because they are best-mapped to decoys : 0
[2025-01-13 18:13:34.756] [jointLog] [info] Number of fragments discarded because they have only dovetail (discordant) mappings to valid targets : 967
[2025-01-13 18:13:34.756] [jointLog] [warning] Only 1331768 fragments were mapped, but the number of burn-in fragments was set to 5000000.
The effective lengths have been computed using the observed mappings.

[2025-01-13 18:13:34.756] [jointLog] [info] Mapping rate = 99.9978%

[2025-01-13 18:13:34.756] [jointLog] [info] finished quantifyLibrary()
[2025-01-13 18:13:34.756] [jointLog] [info] Starting optimizer
[2025-01-13 18:13:34.758] [jointLog] [info] Marked 0 weighted equivalence classes as degenerate
[2025-01-13 18:13:34.759] [jointLog] [info] iteration = 0 | max rel diff. = 23.394
[2025-01-13 18:13:34.789] [jointLog] [info] iteration = 100 | max rel diff. = 0.00753017
[2025-01-13 18:13:34.789] [jointLog] [info] Finished optimizer
[2025-01-13 18:13:34.789] [jointLog] [info] writing output 

