[2025-01-13 18:13:35.142] [jointLog] [info] setting maxHashResizeThreads to 2
[2025-01-13 18:13:35.142] [jointLog] [info] Fragment incompatibility prior below threshold.  Incompatible fragments will be ignored.
[2025-01-13 18:13:35.142] [jointLog] [info] Usage of --validateMappings implies use of minScoreFraction. Since not explicitly specified, it is being set to 0.65
[2025-01-13 18:13:35.142] [jointLog] [info] Setting consensusSlack to selective-alignment default of 0.35.
[2025-01-13 18:13:35.142] [jointLog] [info] parsing read library format
[2025-01-13 18:13:35.142] [jointLog] [info] There is 1 library.
[2025-01-13 18:13:35.142] [jointLog] [info] Loading pufferfish index
[2025-01-13 18:13:35.142] [jointLog] [info] Loading dense pufferfish index.
[2025-01-13 18:13:35.152] [jointLog] [info] done
[2025-01-13 18:13:35.241] [jointLog] [info] Index contained 1,524 targets
[2025-01-13 18:13:35.241] [jointLog] [info] Number of decoys : 0
[2025-01-13 18:13:44.015] [fileLog] [info] 
At end of round 0
==================
Observed 1324802 total fragments (1324802 in most recent round)

[2025-01-13 18:13:44.015] [jointLog] [info] Computed 7,657 rich equivalence classes for further processing
[2025-01-13 18:13:44.015] [jointLog] [info] Counted 1,324,770 total reads in the equivalence classes 
[2025-01-13 18:13:44.016] [jointLog] [info] Number of mappings discarded because of alignment score : 268,957
[2025-01-13 18:13:44.016] [jointLog] [info] Number of fragments entirely discarded because of alignment score : 32
[2025-01-13 18:13:44.016] [jointLog] [info] Number of fragments discarded because they are best-mapped to decoys : 0
[2025-01-13 18:13:44.016] [jointLog] [info] Number of fragments discarded because they have only dovetail (discordant) mappings to valid targets : 770
[2025-01-13 18:13:44.017] [jointLog] [warning] Only 1324770 fragments were mapped, but the number of burn-in fragments was set to 5000000.
The effective lengths have been computed using the observed mappings.

[2025-01-13 18:13:44.017] [jointLog] [info] Mapping rate = 99.9976%

[2025-01-13 18:13:44.017] [jointLog] [info] finished quantifyLibrary()
[2025-01-13 18:13:44.017] [jointLog] [info] Starting optimizer
[2025-01-13 18:13:44.019] [jointLog] [info] Marked 0 weighted equivalence classes as degenerate
[2025-01-13 18:13:44.019] [jointLog] [info] iteration = 0 | max rel diff. = 43.2308
[2025-01-13 18:13:44.048] [jointLog] [info] iteration = 100 | max rel diff. = 0.00551841
[2025-01-13 18:13:44.048] [jointLog] [info] Finished optimizer
[2025-01-13 18:13:44.048] [jointLog] [info] writing output 

