[2025-01-13 18:12:51.953] [jointLog] [info] setting maxHashResizeThreads to 2
[2025-01-13 18:12:51.953] [jointLog] [info] Fragment incompatibility prior below threshold.  Incompatible fragments will be ignored.
[2025-01-13 18:12:51.953] [jointLog] [info] Usage of --validateMappings implies use of minScoreFraction. Since not explicitly specified, it is being set to 0.65
[2025-01-13 18:12:51.953] [jointLog] [info] Setting consensusSlack to selective-alignment default of 0.35.
[2025-01-13 18:12:51.953] [jointLog] [info] parsing read library format
[2025-01-13 18:12:51.953] [jointLog] [info] There is 1 library.
[2025-01-13 18:12:51.953] [jointLog] [info] Loading pufferfish index
[2025-01-13 18:12:51.953] [jointLog] [info] Loading dense pufferfish index.
[2025-01-13 18:12:51.961] [jointLog] [info] done
[2025-01-13 18:12:52.046] [jointLog] [info] Index contained 1,524 targets
[2025-01-13 18:12:52.046] [jointLog] [info] Number of decoys : 0
[2025-01-13 18:12:58.513] [fileLog] [info] 
At end of round 0
==================
Observed 967222 total fragments (967222 in most recent round)

[2025-01-13 18:12:58.513] [jointLog] [info] Computed 7,453 rich equivalence classes for further processing
[2025-01-13 18:12:58.513] [jointLog] [info] Counted 967,199 total reads in the equivalence classes 
[2025-01-13 18:12:58.515] [jointLog] [info] Number of mappings discarded because of alignment score : 185,356
[2025-01-13 18:12:58.515] [jointLog] [info] Number of fragments entirely discarded because of alignment score : 23
[2025-01-13 18:12:58.515] [jointLog] [info] Number of fragments discarded because they are best-mapped to decoys : 0
[2025-01-13 18:12:58.515] [jointLog] [info] Number of fragments discarded because they have only dovetail (discordant) mappings to valid targets : 801
[2025-01-13 18:12:58.515] [jointLog] [warning] Only 967199 fragments were mapped, but the number of burn-in fragments was set to 5000000.
The effective lengths have been computed using the observed mappings.

[2025-01-13 18:12:58.515] [jointLog] [info] Mapping rate = 99.9976%

[2025-01-13 18:12:58.515] [jointLog] [info] finished quantifyLibrary()
[2025-01-13 18:12:58.515] [jointLog] [info] Starting optimizer
[2025-01-13 18:12:58.517] [jointLog] [info] Marked 0 weighted equivalence classes as degenerate
[2025-01-13 18:12:58.517] [jointLog] [info] iteration = 0 | max rel diff. = 23.1633
[2025-01-13 18:12:58.545] [jointLog] [info] iteration = 100 | max rel diff. = 0.0791056
[2025-01-13 18:12:58.550] [jointLog] [info] iteration = 118 | max rel diff. = 0.00668927
[2025-01-13 18:12:58.550] [jointLog] [info] Finished optimizer
[2025-01-13 18:12:58.550] [jointLog] [info] writing output 

